2023-10-05 10:41:02,415 [Worker-4: Loading available Gradle versions] INFO  o.e.b.c.i.u.g.PublishedGradleVersions - Gradle version information cache is up-to-date. Trying to read.
2023-10-05 11:37:53,710 [Worker-20: Import Getting Started Content] INFO  o.e.m.c.i.l.LifecycleMappingFactory - Using org.eclipse.m2e.jdt.JarLifecycleMapping lifecycle mapping for MavenProject: com.lcwd.user.service:UserService:2.7.5 @ D:\training\renish\java practice\Microservices\demo\pom.xml.
2023-10-05 11:37:56,485 [Worker-20: Import Getting Started Content] INFO  o.e.m.c.i.e.AbstractTransferListenerAdapter - Downloading https://ffn.jfrog.io/artifactory/libs-release/org/springframework/boot/spring-boot-starter-data-jpa/3.1.4/spring-boot-starter-data-jpa-3.1.4.pom
2023-10-05 11:37:56,805 [Worker-20: Import Getting Started Content] INFO  o.e.m.c.i.e.AbstractTransferListenerAdapter - Downloaded https://ffn.jfrog.io/artifactory/libs-release/org/springframework/boot/spring-boot-starter-data-jpa/3.1.4/spring-boot-starter-data-jpa-3.1.4.pom
2023-10-05 11:37:57,886 [Worker-20: Import Getting Started Content] INFO  o.e.m.c.i.e.AbstractTransferListenerAdapter - Downloading https://ffn.jfrog.io/artifactory/libs-release/org/springframework/boot/spring-boot-starter-aop/3.1.4/spring-boot-starter-aop-3.1.4.pom
2023-10-05 11:37:58,197 [Worker-20: Import Getting Started Content] INFO  o.e.m.c.i.e.AbstractTransferListenerAdapter - Downloaded https://ffn.jfrog.io/artifactory/libs-release/org/springframework/boot/spring-boot-starter-aop/3.1.4/spring-boot-starter-aop-3.1.4.pom
2023-10-05 11:38:00,052 [Worker-20: Import Getting Started Content] INFO  o.e.m.c.i.e.AbstractTransferListenerAdapter - Downloading https://ffn.jfrog.io/artifactory/libs-release/org/springframework/boot/spring-boot-starter-jdbc/3.1.4/spring-boot-starter-jdbc-3.1.4.pom
2023-10-05 11:38:00,382 [Worker-20: Import Getting Started Content] INFO  o.e.m.c.i.e.AbstractTransferListenerAdapter - Downloaded https://ffn.jfrog.io/artifactory/libs-release/org/springframework/boot/spring-boot-starter-jdbc/3.1.4/spring-boot-starter-jdbc-3.1.4.pom
2023-10-05 11:38:01,488 [Worker-20: Import Getting Started Content] INFO  o.e.m.c.i.e.AbstractTransferListenerAdapter - Downloading https://ffn.jfrog.io/artifactory/libs-release/org/springframework/spring-jdbc/6.0.12/spring-jdbc-6.0.12.pom
2023-10-05 11:38:01,789 [Worker-20: Import Getting Started Content] INFO  o.e.m.c.i.e.AbstractTransferListenerAdapter - Downloaded https://ffn.jfrog.io/artifactory/libs-release/org/springframework/spring-jdbc/6.0.12/spring-jdbc-6.0.12.pom
2023-10-05 11:38:02,826 [Worker-20: Import Getting Started Content] INFO  o.e.m.c.i.e.AbstractTransferListenerAdapter - Downloading https://ffn.jfrog.io/artifactory/libs-release/org/springframework/spring-tx/6.0.12/spring-tx-6.0.12.pom
2023-10-05 11:38:03,126 [Worker-20: Import Getting Started Content] INFO  o.e.m.c.i.e.AbstractTransferListenerAdapter - Downloaded https://ffn.jfrog.io/artifactory/libs-release/org/springframework/spring-tx/6.0.12/spring-tx-6.0.12.pom
2023-10-05 11:38:04,114 [Worker-20: Import Getting Started Content] INFO  o.e.m.c.i.e.AbstractTransferListenerAdapter - Downloading https://ffn.jfrog.io/artifactory/libs-release/org/hibernate/orm/hibernate-core/6.2.9.Final/hibernate-core-6.2.9.Final.pom
2023-10-05 11:38:04,419 [Worker-20: Import Getting Started Content] INFO  o.e.m.c.i.e.AbstractTransferListenerAdapter - Downloaded https://ffn.jfrog.io/artifactory/libs-release/org/hibernate/orm/hibernate-core/6.2.9.Final/hibernate-core-6.2.9.Final.pom
2023-10-05 11:38:06,045 [Worker-20: Import Getting Started Content] INFO  o.e.m.c.i.e.AbstractTransferListenerAdapter - Downloading https://ffn.jfrog.io/artifactory/libs-release/org/springframework/data/spring-data-jpa/3.1.4/spring-data-jpa-3.1.4.pom
2023-10-05 11:38:06,637 [Worker-20: Import Getting Started Content] INFO  o.e.m.c.i.e.AbstractTransferListenerAdapter - Downloaded https://ffn.jfrog.io/artifactory/libs-release/org/springframework/data/spring-data-jpa/3.1.4/spring-data-jpa-3.1.4.pom
2023-10-05 11:38:08,124 [Worker-20: Import Getting Started Content] INFO  o.e.m.c.i.e.AbstractTransferListenerAdapter - Downloading https://ffn.jfrog.io/artifactory/libs-release/org/springframework/data/spring-data-jpa-parent/3.1.4/spring-data-jpa-parent-3.1.4.pom
2023-10-05 11:38:08,690 [Worker-20: Import Getting Started Content] INFO  o.e.m.c.i.e.AbstractTransferListenerAdapter - Downloaded https://ffn.jfrog.io/artifactory/libs-release/org/springframework/data/spring-data-jpa-parent/3.1.4/spring-data-jpa-parent-3.1.4.pom
2023-10-05 11:38:10,353 [Worker-20: Import Getting Started Content] INFO  o.e.m.c.i.e.AbstractTransferListenerAdapter - Downloading https://ffn.jfrog.io/artifactory/libs-release/org/springframework/data/build/spring-data-parent/3.1.4/spring-data-parent-3.1.4.pom
2023-10-05 11:38:11,193 [Worker-20: Import Getting Started Content] INFO  o.e.m.c.i.e.AbstractTransferListenerAdapter - Downloaded https://ffn.jfrog.io/artifactory/libs-release/org/springframework/data/build/spring-data-parent/3.1.4/spring-data-parent-3.1.4.pom
2023-10-05 11:38:12,188 [Worker-20: Import Getting Started Content] INFO  o.e.m.c.i.e.AbstractTransferListenerAdapter - Downloading https://ffn.jfrog.io/artifactory/libs-release/org/springframework/data/build/spring-data-build/3.1.4/spring-data-build-3.1.4.pom
2023-10-05 11:38:12,496 [Worker-20: Import Getting Started Content] INFO  o.e.m.c.i.e.AbstractTransferListenerAdapter - Downloaded https://ffn.jfrog.io/artifactory/libs-release/org/springframework/data/build/spring-data-build/3.1.4/spring-data-build-3.1.4.pom
2023-10-05 11:38:13,528 [Worker-20: Import Getting Started Content] INFO  o.e.m.c.i.e.AbstractTransferListenerAdapter - Downloading https://ffn.jfrog.io/artifactory/libs-release/io/micrometer/micrometer-bom/1.10.11/micrometer-bom-1.10.11.pom
2023-10-05 11:38:14,089 [Worker-20: Import Getting Started Content] INFO  o.e.m.c.i.e.AbstractTransferListenerAdapter - Downloaded https://ffn.jfrog.io/artifactory/libs-release/io/micrometer/micrometer-bom/1.10.11/micrometer-bom-1.10.11.pom
2023-10-05 11:38:15,158 [Worker-20: Import Getting Started Content] INFO  o.e.m.c.i.e.AbstractTransferListenerAdapter - Downloading https://ffn.jfrog.io/artifactory/libs-release/io/micrometer/micrometer-tracing-bom/1.0.10/micrometer-tracing-bom-1.0.10.pom
2023-10-05 11:38:15,461 [Worker-20: Import Getting Started Content] INFO  o.e.m.c.i.e.AbstractTransferListenerAdapter - Downloaded https://ffn.jfrog.io/artifactory/libs-release/io/micrometer/micrometer-tracing-bom/1.0.10/micrometer-tracing-bom-1.0.10.pom
2023-10-05 11:38:17,010 [Worker-20: Import Getting Started Content] INFO  o.e.m.c.i.e.AbstractTransferListenerAdapter - Downloading https://ffn.jfrog.io/artifactory/libs-release/org/springframework/data/spring-data-commons/3.1.4/spring-data-commons-3.1.4.pom
2023-10-05 11:38:17,579 [Worker-20: Import Getting Started Content] INFO  o.e.m.c.i.e.AbstractTransferListenerAdapter - Downloaded https://ffn.jfrog.io/artifactory/libs-release/org/springframework/data/spring-data-commons/3.1.4/spring-data-commons-3.1.4.pom
2023-10-05 11:38:18,638 [Worker-20: Import Getting Started Content] INFO  o.e.m.c.i.e.AbstractTransferListenerAdapter - Downloading https://ffn.jfrog.io/artifactory/libs-release/org/springframework/spring-orm/6.0.12/spring-orm-6.0.12.pom
2023-10-05 11:38:18,946 [Worker-20: Import Getting Started Content] INFO  o.e.m.c.i.e.AbstractTransferListenerAdapter - Downloaded https://ffn.jfrog.io/artifactory/libs-release/org/springframework/spring-orm/6.0.12/spring-orm-6.0.12.pom
2023-10-05 11:38:19,954 [Worker-20: Import Getting Started Content] INFO  o.e.m.c.i.e.AbstractTransferListenerAdapter - Downloading https://ffn.jfrog.io/artifactory/libs-release/org/springframework/spring-aspects/6.0.12/spring-aspects-6.0.12.pom
2023-10-05 11:38:20,259 [Worker-20: Import Getting Started Content] INFO  o.e.m.c.i.e.AbstractTransferListenerAdapter - Downloaded https://ffn.jfrog.io/artifactory/libs-release/org/springframework/spring-aspects/6.0.12/spring-aspects-6.0.12.pom
2023-10-05 11:38:21,632 [Worker-20: Import Getting Started Content] INFO  o.e.m.c.i.e.AbstractTransferListenerAdapter - Downloading https://ffn.jfrog.io/artifactory/libs-release/org/projectlombok/lombok/1.18.30/lombok-1.18.30.pom
2023-10-05 11:38:21,961 [Worker-20: Import Getting Started Content] INFO  o.e.m.c.i.e.AbstractTransferListenerAdapter - Downloaded https://ffn.jfrog.io/artifactory/libs-release/org/projectlombok/lombok/1.18.30/lombok-1.18.30.pom
2023-10-05 11:38:23,736 [AetherRepositoryConnector-ffn.jfrog.io-0-1] INFO  o.e.m.c.i.e.AbstractTransferListenerAdapter - Downloading https://ffn.jfrog.io/artifactory/libs-release/org/springframework/boot/spring-boot-starter-aop/3.1.4/spring-boot-starter-aop-3.1.4.jar
2023-10-05 11:38:24,084 [AetherRepositoryConnector-ffn.jfrog.io-0-1] INFO  o.e.m.c.i.e.AbstractTransferListenerAdapter - Downloaded https://ffn.jfrog.io/artifactory/libs-release/org/springframework/boot/spring-boot-starter-aop/3.1.4/spring-boot-starter-aop-3.1.4.jar
2023-10-05 11:38:24,646 [AetherRepositoryConnector-ffn.jfrog.io-0-2] INFO  o.e.m.c.i.e.AbstractTransferListenerAdapter - Downloading https://ffn.jfrog.io/artifactory/libs-release/org/springframework/boot/spring-boot-starter-jdbc/3.1.4/spring-boot-starter-jdbc-3.1.4.jar
2023-10-05 11:38:24,793 [AetherRepositoryConnector-ffn.jfrog.io-0-3] INFO  o.e.m.c.i.e.AbstractTransferListenerAdapter - Downloading https://ffn.jfrog.io/artifactory/libs-release/org/springframework/spring-jdbc/6.0.12/spring-jdbc-6.0.12.jar
2023-10-05 11:38:25,012 [AetherRepositoryConnector-ffn.jfrog.io-0-2] INFO  o.e.m.c.i.e.AbstractTransferListenerAdapter - Downloaded https://ffn.jfrog.io/artifactory/libs-release/org/springframework/boot/spring-boot-starter-jdbc/3.1.4/spring-boot-starter-jdbc-3.1.4.jar
2023-10-05 11:38:25,055 [AetherRepositoryConnector-ffn.jfrog.io-0-0] INFO  o.e.m.c.i.e.AbstractTransferListenerAdapter - Downloading https://ffn.jfrog.io/artifactory/libs-release/org/springframework/boot/spring-boot-starter-data-jpa/3.1.4/spring-boot-starter-data-jpa-3.1.4.jar
2023-10-05 11:38:25,226 [AetherRepositoryConnector-ffn.jfrog.io-0-1] INFO  o.e.m.c.i.e.AbstractTransferListenerAdapter - Downloading https://ffn.jfrog.io/artifactory/libs-release/org/springframework/data/spring-data-jpa/3.1.4/spring-data-jpa-3.1.4.jar
2023-10-05 11:38:25,346 [AetherRepositoryConnector-ffn.jfrog.io-0-4] INFO  o.e.m.c.i.e.AbstractTransferListenerAdapter - Downloading https://ffn.jfrog.io/artifactory/libs-release/org/hibernate/orm/hibernate-core/6.2.9.Final/hibernate-core-6.2.9.Final.jar
2023-10-05 11:38:25,423 [AetherRepositoryConnector-ffn.jfrog.io-0-0] INFO  o.e.m.c.i.e.AbstractTransferListenerAdapter - Downloaded https://ffn.jfrog.io/artifactory/libs-release/org/springframework/boot/spring-boot-starter-data-jpa/3.1.4/spring-boot-starter-data-jpa-3.1.4.jar
2023-10-05 11:38:26,154 [AetherRepositoryConnector-ffn.jfrog.io-0-2] INFO  o.e.m.c.i.e.AbstractTransferListenerAdapter - Downloading https://ffn.jfrog.io/artifactory/libs-release/org/springframework/data/spring-data-commons/3.1.4/spring-data-commons-3.1.4.jar
2023-10-05 11:38:26,468 [AetherRepositoryConnector-ffn.jfrog.io-0-0] INFO  o.e.m.c.i.e.AbstractTransferListenerAdapter - Downloading https://ffn.jfrog.io/artifactory/libs-release/org/springframework/spring-orm/6.0.12/spring-orm-6.0.12.jar
2023-10-05 11:38:26,536 [AetherRepositoryConnector-ffn.jfrog.io-0-3] INFO  o.e.m.c.i.e.AbstractTransferListenerAdapter - Downloaded https://ffn.jfrog.io/artifactory/libs-release/org/springframework/spring-jdbc/6.0.12/spring-jdbc-6.0.12.jar
2023-10-05 11:38:27,169 [AetherRepositoryConnector-ffn.jfrog.io-0-1] INFO  o.e.m.c.i.e.AbstractTransferListenerAdapter - Downloaded https://ffn.jfrog.io/artifactory/libs-release/org/springframework/data/spring-data-jpa/3.1.4/spring-data-jpa-3.1.4.jar
2023-10-05 11:38:27,690 [AetherRepositoryConnector-ffn.jfrog.io-0-3] INFO  o.e.m.c.i.e.AbstractTransferListenerAdapter - Downloading https://ffn.jfrog.io/artifactory/libs-release/org/springframework/spring-tx/6.0.12/spring-tx-6.0.12.jar
2023-10-05 11:38:27,914 [AetherRepositoryConnector-ffn.jfrog.io-0-0] INFO  o.e.m.c.i.e.AbstractTransferListenerAdapter - Downloaded https://ffn.jfrog.io/artifactory/libs-release/org/springframework/spring-orm/6.0.12/spring-orm-6.0.12.jar
2023-10-05 11:38:28,168 [AetherRepositoryConnector-ffn.jfrog.io-0-1] INFO  o.e.m.c.i.e.AbstractTransferListenerAdapter - Downloading https://ffn.jfrog.io/artifactory/libs-release/org/springframework/spring-aspects/6.0.12/spring-aspects-6.0.12.jar
2023-10-05 11:38:28,542 [AetherRepositoryConnector-ffn.jfrog.io-0-3] INFO  o.e.m.c.i.e.AbstractTransferListenerAdapter - Downloaded https://ffn.jfrog.io/artifactory/libs-release/org/springframework/spring-tx/6.0.12/spring-tx-6.0.12.jar
2023-10-05 11:38:28,825 [AetherRepositoryConnector-ffn.jfrog.io-0-1] INFO  o.e.m.c.i.e.AbstractTransferListenerAdapter - Downloaded https://ffn.jfrog.io/artifactory/libs-release/org/springframework/spring-aspects/6.0.12/spring-aspects-6.0.12.jar
2023-10-05 11:38:29,016 [AetherRepositoryConnector-ffn.jfrog.io-0-0] INFO  o.e.m.c.i.e.AbstractTransferListenerAdapter - Downloading https://ffn.jfrog.io/artifactory/libs-release/org/projectlombok/lombok/1.18.30/lombok-1.18.30.jar
2023-10-05 11:38:29,337 [AetherRepositoryConnector-ffn.jfrog.io-0-2] INFO  o.e.m.c.i.e.AbstractTransferListenerAdapter - Downloaded https://ffn.jfrog.io/artifactory/libs-release/org/springframework/data/spring-data-commons/3.1.4/spring-data-commons-3.1.4.jar
2023-10-05 11:38:30,909 [AetherRepositoryConnector-ffn.jfrog.io-0-4] INFO  o.e.m.c.i.e.AbstractTransferListenerAdapter - Downloaded https://ffn.jfrog.io/artifactory/libs-release/org/hibernate/orm/hibernate-core/6.2.9.Final/hibernate-core-6.2.9.Final.jar
2023-10-05 11:38:31,263 [AetherRepositoryConnector-ffn.jfrog.io-0-0] INFO  o.e.m.c.i.e.AbstractTransferListenerAdapter - Downloaded https://ffn.jfrog.io/artifactory/libs-release/org/projectlombok/lombok/1.18.30/lombok-1.18.30.jar
2023-10-05 11:38:31,410 [Worker-20: Import Getting Started Content] INFO  o.e.m.c.i.l.LifecycleMappingFactory - Using org.eclipse.m2e.jdt.JarLifecycleMapping lifecycle mapping for MavenProject: com.lcwd.user.service:UserService:2.7.5 @ D:\training\renish\java practice\Microservices\demo\pom.xml.
2023-10-05 11:38:33,692 [Worker-20: Import Getting Started Content] INFO  o.e.m.j.i.AbstractJavaProjectConfigurator - Adding source folder /demo/src/main/java
2023-10-05 11:38:33,693 [Worker-20: Import Getting Started Content] INFO  o.e.m.j.i.AbstractJavaProjectConfigurator - Adding resource folder /demo/src/main/resources
2023-10-05 11:38:33,706 [Worker-20: Import Getting Started Content] INFO  o.e.m.j.i.AbstractJavaProjectConfigurator - Adding resource folder /demo/src/main/resources
2023-10-05 11:38:33,721 [Worker-20: Import Getting Started Content] INFO  o.e.m.j.i.AbstractJavaProjectConfigurator - Adding source folder /demo/src/test/java
2023-10-05 11:38:36,588 [Worker-20: Import Getting Started Content] INFO  o.e.m.c.i.p.ProjectConfigurationManager - Imported and configured 1 project(s) in 48 sec
2023-10-05 11:38:36,599 [Worker-20: Import Getting Started Content] INFO  o.e.m.c.i.p.ProjectConfigurationManager - Update started
2023-10-05 11:38:37,260 [Worker-20: Import Getting Started Content] INFO  o.e.m.c.i.l.LifecycleMappingFactory - Using org.eclipse.m2e.jdt.JarLifecycleMapping lifecycle mapping for MavenProject: com.lcwd.user.service:UserService:2.7.5 @ D:\training\renish\java practice\Microservices\demo\pom.xml.
2023-10-05 11:38:37,656 [Worker-22: Download sources and javadoc] INFO  o.e.m.c.i.e.AbstractTransferListenerAdapter - Downloading https://ffn.jfrog.io/artifactory/libs-release/org/springframework/boot/spring-boot-starter-data-jpa/3.1.4/spring-boot-starter-data-jpa-3.1.4-sources.jar
2023-10-05 11:38:38,092 [Worker-22: Download sources and javadoc] INFO  o.e.m.c.i.e.AbstractTransferListenerAdapter - Downloaded https://ffn.jfrog.io/artifactory/libs-release/org/springframework/boot/spring-boot-starter-data-jpa/3.1.4/spring-boot-starter-data-jpa-3.1.4-sources.jar
2023-10-05 11:38:38,100 [Worker-22: Download sources and javadoc] INFO  o.e.m.j.internal.DownloadSourcesJob - Downloaded sources for org.springframework.boot:spring-boot-starter-data-jpa:3.1.4
2023-10-05 11:38:40,778 [Worker-20: Import Getting Started Content] INFO  o.e.m.j.i.AbstractJavaProjectConfigurator - Adding source folder /demo/src/main/java
2023-10-05 11:38:40,778 [Worker-20: Import Getting Started Content] INFO  o.e.m.j.i.AbstractJavaProjectConfigurator - Adding resource folder /demo/src/main/resources
2023-10-05 11:38:40,780 [Worker-20: Import Getting Started Content] INFO  o.e.m.j.i.AbstractJavaProjectConfigurator - Adding resource folder /demo/src/main/resources
2023-10-05 11:38:40,784 [Worker-20: Import Getting Started Content] INFO  o.e.m.j.i.AbstractJavaProjectConfigurator - Adding source folder /demo/src/test/java
2023-10-05 11:38:43,121 [Worker-22: Download sources and javadoc] INFO  o.e.m.c.i.e.AbstractTransferListenerAdapter - Downloading https://ffn.jfrog.io/artifactory/libs-release/org/springframework/boot/spring-boot-starter-aop/3.1.4/spring-boot-starter-aop-3.1.4-sources.jar
2023-10-05 11:38:44,061 [Worker-22: Download sources and javadoc] INFO  o.e.m.c.i.e.AbstractTransferListenerAdapter - Downloaded https://ffn.jfrog.io/artifactory/libs-release/org/springframework/boot/spring-boot-starter-aop/3.1.4/spring-boot-starter-aop-3.1.4-sources.jar
2023-10-05 11:38:44,069 [Worker-22: Download sources and javadoc] INFO  o.e.m.j.internal.DownloadSourcesJob - Downloaded sources for org.springframework.boot:spring-boot-starter-aop:3.1.4
2023-10-05 11:38:44,850 [Worker-20: Import Getting Started Content] INFO  o.e.m.c.i.p.ProjectConfigurationManager - Update completed: 8 sec
2023-10-05 11:38:46,736 [Worker-22: Download sources and javadoc] INFO  o.e.m.c.i.e.AbstractTransferListenerAdapter - Downloading https://ffn.jfrog.io/artifactory/libs-release/org/springframework/boot/spring-boot-starter-jdbc/3.1.4/spring-boot-starter-jdbc-3.1.4-sources.jar
2023-10-05 11:38:47,007 [Worker-21: Building] INFO  o.a.m.s.f.DefaultMavenResourcesFiltering - Copying 1 resource from src\main\resources to target\classes
2023-10-05 11:38:47,052 [Worker-21: Building] INFO  o.a.m.s.f.DefaultMavenResourcesFiltering - Copying 0 resource from src\main\resources to target\classes
2023-10-05 11:38:47,056 [Worker-21: Building] INFO  o.a.m.s.f.DefaultMavenResourcesFiltering - skip non existing resourceDirectory D:\training\renish\java practice\Microservices\demo\src\test\resources
2023-10-05 11:38:47,072 [Worker-22: Download sources and javadoc] INFO  o.e.m.c.i.e.AbstractTransferListenerAdapter - Downloaded https://ffn.jfrog.io/artifactory/libs-release/org/springframework/boot/spring-boot-starter-jdbc/3.1.4/spring-boot-starter-jdbc-3.1.4-sources.jar
2023-10-05 11:38:47,077 [Worker-22: Download sources and javadoc] INFO  o.e.m.j.internal.DownloadSourcesJob - Downloaded sources for org.springframework.boot:spring-boot-starter-jdbc:3.1.4
2023-10-05 11:38:50,165 [Worker-22: Download sources and javadoc] INFO  o.e.m.c.i.e.AbstractTransferListenerAdapter - Downloading https://ffn.jfrog.io/artifactory/libs-release/org/springframework/spring-jdbc/6.0.12/spring-jdbc-6.0.12-sources.jar
2023-10-05 11:38:52,109 [Worker-22: Download sources and javadoc] INFO  o.e.m.c.i.e.AbstractTransferListenerAdapter - Downloaded https://ffn.jfrog.io/artifactory/libs-release/org/springframework/spring-jdbc/6.0.12/spring-jdbc-6.0.12-sources.jar
2023-10-05 11:38:52,116 [Worker-22: Download sources and javadoc] INFO  o.e.m.j.internal.DownloadSourcesJob - Downloaded sources for org.springframework:spring-jdbc:6.0.12
2023-10-05 11:38:54,992 [Worker-22: Download sources and javadoc] INFO  o.e.m.c.i.e.AbstractTransferListenerAdapter - Downloading https://ffn.jfrog.io/artifactory/libs-release/org/hibernate/orm/hibernate-core/6.2.9.Final/hibernate-core-6.2.9.Final-sources.jar
2023-10-05 11:38:59,590 [Worker-22: Download sources and javadoc] INFO  o.e.m.c.i.e.AbstractTransferListenerAdapter - Downloaded https://ffn.jfrog.io/artifactory/libs-release/org/hibernate/orm/hibernate-core/6.2.9.Final/hibernate-core-6.2.9.Final-sources.jar
2023-10-05 11:38:59,594 [Worker-22: Download sources and javadoc] INFO  o.e.m.j.internal.DownloadSourcesJob - Downloaded sources for org.hibernate.orm:hibernate-core:6.2.9.Final
2023-10-05 11:39:02,161 [Worker-22: Download sources and javadoc] INFO  o.e.m.c.i.e.AbstractTransferListenerAdapter - Downloading https://ffn.jfrog.io/artifactory/libs-release/org/springframework/data/spring-data-jpa/3.1.4/spring-data-jpa-3.1.4-sources.jar
2023-10-05 11:39:04,131 [Worker-22: Download sources and javadoc] INFO  o.e.m.c.i.e.AbstractTransferListenerAdapter - Downloaded https://ffn.jfrog.io/artifactory/libs-release/org/springframework/data/spring-data-jpa/3.1.4/spring-data-jpa-3.1.4-sources.jar
2023-10-05 11:39:04,137 [Worker-22: Download sources and javadoc] INFO  o.e.m.j.internal.DownloadSourcesJob - Downloaded sources for org.springframework.data:spring-data-jpa:3.1.4
2023-10-05 11:39:07,123 [Worker-22: Download sources and javadoc] INFO  o.e.m.c.i.e.AbstractTransferListenerAdapter - Downloading https://ffn.jfrog.io/artifactory/libs-release/org/springframework/data/spring-data-commons/3.1.4/spring-data-commons-3.1.4-sources.jar
2023-10-05 11:39:09,106 [Worker-22: Download sources and javadoc] INFO  o.e.m.c.i.e.AbstractTransferListenerAdapter - Downloaded https://ffn.jfrog.io/artifactory/libs-release/org/springframework/data/spring-data-commons/3.1.4/spring-data-commons-3.1.4-sources.jar
2023-10-05 11:39:09,110 [Worker-22: Download sources and javadoc] INFO  o.e.m.j.internal.DownloadSourcesJob - Downloaded sources for org.springframework.data:spring-data-commons:3.1.4
2023-10-05 11:39:11,527 [Worker-22: Download sources and javadoc] INFO  o.e.m.c.i.e.AbstractTransferListenerAdapter - Downloading https://ffn.jfrog.io/artifactory/libs-release/org/springframework/spring-orm/6.0.12/spring-orm-6.0.12-sources.jar
2023-10-05 11:39:12,654 [Worker-22: Download sources and javadoc] INFO  o.e.m.c.i.e.AbstractTransferListenerAdapter - Downloaded https://ffn.jfrog.io/artifactory/libs-release/org/springframework/spring-orm/6.0.12/spring-orm-6.0.12-sources.jar
2023-10-05 11:39:12,659 [Worker-22: Download sources and javadoc] INFO  o.e.m.j.internal.DownloadSourcesJob - Downloaded sources for org.springframework:spring-orm:6.0.12
2023-10-05 11:39:15,074 [Worker-22: Download sources and javadoc] INFO  o.e.m.c.i.e.AbstractTransferListenerAdapter - Downloading https://ffn.jfrog.io/artifactory/libs-release/org/springframework/spring-tx/6.0.12/spring-tx-6.0.12-sources.jar
2023-10-05 11:39:16,461 [Worker-22: Download sources and javadoc] INFO  o.e.m.c.i.e.AbstractTransferListenerAdapter - Downloaded https://ffn.jfrog.io/artifactory/libs-release/org/springframework/spring-tx/6.0.12/spring-tx-6.0.12-sources.jar
2023-10-05 11:39:16,467 [Worker-22: Download sources and javadoc] INFO  o.e.m.j.internal.DownloadSourcesJob - Downloaded sources for org.springframework:spring-tx:6.0.12
2023-10-05 11:39:18,918 [Worker-22: Download sources and javadoc] INFO  o.e.m.c.i.e.AbstractTransferListenerAdapter - Downloading https://ffn.jfrog.io/artifactory/libs-release/org/springframework/spring-aspects/6.0.12/spring-aspects-6.0.12-sources.jar
2023-10-05 11:39:19,711 [Worker-22: Download sources and javadoc] INFO  o.e.m.c.i.e.AbstractTransferListenerAdapter - Downloaded https://ffn.jfrog.io/artifactory/libs-release/org/springframework/spring-aspects/6.0.12/spring-aspects-6.0.12-sources.jar
2023-10-05 11:39:19,716 [Worker-22: Download sources and javadoc] INFO  o.e.m.j.internal.DownloadSourcesJob - Downloaded sources for org.springframework:spring-aspects:6.0.12
2023-10-05 11:39:22,373 [Worker-22: Download sources and javadoc] INFO  o.e.m.c.i.e.AbstractTransferListenerAdapter - Downloading https://ffn.jfrog.io/artifactory/libs-release/org/projectlombok/lombok/1.18.30/lombok-1.18.30-sources.jar
2023-10-05 11:39:24,405 [Worker-22: Download sources and javadoc] INFO  o.e.m.c.i.e.AbstractTransferListenerAdapter - Downloaded https://ffn.jfrog.io/artifactory/libs-release/org/projectlombok/lombok/1.18.30/lombok-1.18.30-sources.jar
2023-10-05 11:39:24,409 [Worker-22: Download sources and javadoc] INFO  o.e.m.j.internal.DownloadSourcesJob - Downloaded sources for org.projectlombok:lombok:1.18.30
2023-10-05 11:39:25,354 [Worker-23: Building] INFO  o.a.m.s.f.DefaultMavenResourcesFiltering - Copying 0 resource from src\main\resources to target\classes
2023-10-05 11:39:25,357 [Worker-23: Building] INFO  o.a.m.s.f.DefaultMavenResourcesFiltering - Copying 0 resource from src\main\resources to target\classes
2023-10-05 11:39:25,360 [Worker-23: Building] INFO  o.a.m.s.f.DefaultMavenResourcesFiltering - skip non existing resourceDirectory D:\training\renish\java practice\Microservices\demo\src\test\resources
2023-10-05 14:36:43,479 [Worker-44: Building] INFO  o.a.m.s.f.DefaultMavenResourcesFiltering - Copying 1 resource from src\main\resources to target\classes
2023-10-05 14:36:43,488 [Worker-44: Building] INFO  o.a.m.s.f.DefaultMavenResourcesFiltering - Copying 0 resource from src\main\resources to target\classes
2023-10-05 14:36:43,491 [Worker-44: Building] INFO  o.a.m.s.f.DefaultMavenResourcesFiltering - skip non existing resourceDirectory D:\training\renish\java practice\Microservices\demo\src\test\resources
2023-10-05 14:39:43,114 [Worker-40: Building] INFO  o.a.m.s.f.DefaultMavenResourcesFiltering - Copying 1 resource from src\main\resources to target\classes
2023-10-05 14:39:43,146 [Worker-40: Building] INFO  o.a.m.s.f.DefaultMavenResourcesFiltering - Copying 0 resource from src\main\resources to target\classes
2023-10-05 14:39:43,202 [Worker-40: Building] INFO  o.a.m.s.f.DefaultMavenResourcesFiltering - skip non existing resourceDirectory D:\training\renish\java practice\Microservices\demo\src\test\resources
2023-10-05 14:39:47,076 [Worker-47: Building] INFO  o.a.m.s.f.DefaultMavenResourcesFiltering - Copying 1 resource from src\main\resources to target\classes
2023-10-05 14:39:47,083 [Worker-47: Building] INFO  o.a.m.s.f.DefaultMavenResourcesFiltering - Copying 0 resource from src\main\resources to target\classes
2023-10-05 14:39:47,086 [Worker-47: Building] INFO  o.a.m.s.f.DefaultMavenResourcesFiltering - skip non existing resourceDirectory D:\training\renish\java practice\Microservices\demo\src\test\resources
2023-10-05 14:43:30,553 [Worker-40: Launching demo - DemoApplication] INFO  o.a.m.s.f.DefaultMavenResourcesFiltering - Copying 1 resource from src\main\resources to target\classes
2023-10-05 14:43:30,565 [Worker-40: Launching demo - DemoApplication] INFO  o.a.m.s.f.DefaultMavenResourcesFiltering - Copying 0 resource from src\main\resources to target\classes
2023-10-05 14:43:30,568 [Worker-40: Launching demo - DemoApplication] INFO  o.a.m.s.f.DefaultMavenResourcesFiltering - skip non existing resourceDirectory D:\training\renish\java practice\Microservices\demo\src\test\resources
2023-10-05 14:48:31,825 [Worker-53: Building] INFO  o.a.m.s.f.DefaultMavenResourcesFiltering - Copying 1 resource from src\main\resources to target\classes
2023-10-05 14:48:31,833 [Worker-53: Building] INFO  o.a.m.s.f.DefaultMavenResourcesFiltering - Copying 0 resource from src\main\resources to target\classes
2023-10-05 14:48:31,836 [Worker-53: Building] INFO  o.a.m.s.f.DefaultMavenResourcesFiltering - skip non existing resourceDirectory D:\training\renish\java practice\Microservices\demo\src\test\resources
2023-10-05 14:49:48,173 [Worker-53: Building] INFO  o.a.m.s.f.DefaultMavenResourcesFiltering - Copying 1 resource from src\main\resources to target\classes
2023-10-05 14:49:48,187 [Worker-53: Building] INFO  o.a.m.s.f.DefaultMavenResourcesFiltering - Copying 0 resource from src\main\resources to target\classes
2023-10-05 14:49:48,191 [Worker-53: Building] INFO  o.a.m.s.f.DefaultMavenResourcesFiltering - skip non existing resourceDirectory D:\training\renish\java practice\Microservices\demo\src\test\resources
2023-10-05 14:50:06,591 [Worker-54: Building] INFO  o.a.m.s.f.DefaultMavenResourcesFiltering - Copying 1 resource from src\main\resources to target\classes
2023-10-05 14:50:06,601 [Worker-54: Building] INFO  o.a.m.s.f.DefaultMavenResourcesFiltering - Copying 0 resource from src\main\resources to target\classes
2023-10-05 14:50:06,605 [Worker-54: Building] INFO  o.a.m.s.f.DefaultMavenResourcesFiltering - skip non existing resourceDirectory D:\training\renish\java practice\Microservices\demo\src\test\resources
2023-10-05 15:39:44,372 [Worker-58: Building] INFO  o.a.m.s.f.DefaultMavenResourcesFiltering - Copying 1 resource from src\main\resources to target\classes
2023-10-05 15:39:44,406 [Worker-58: Building] INFO  o.a.m.s.f.DefaultMavenResourcesFiltering - Copying 0 resource from src\main\resources to target\classes
2023-10-05 15:39:44,413 [Worker-58: Building] INFO  o.a.m.s.f.DefaultMavenResourcesFiltering - skip non existing resourceDirectory D:\training\renish\java practice\Microservices\demo\src\test\resources
2023-10-05 15:39:57,842 [Worker-60: Building] INFO  o.a.m.s.f.DefaultMavenResourcesFiltering - Copying 1 resource from src\main\resources to target\classes
2023-10-05 15:39:57,879 [Worker-60: Building] INFO  o.a.m.s.f.DefaultMavenResourcesFiltering - Copying 0 resource from src\main\resources to target\classes
2023-10-05 15:39:57,881 [Worker-60: Building] INFO  o.a.m.s.f.DefaultMavenResourcesFiltering - skip non existing resourceDirectory D:\training\renish\java practice\Microservices\demo\src\test\resources
2023-10-05 15:46:52,509 [Worker-64: Building] INFO  o.a.m.s.f.DefaultMavenResourcesFiltering - Copying 1 resource from src\main\resources to target\classes
2023-10-05 15:46:52,517 [Worker-64: Building] INFO  o.a.m.s.f.DefaultMavenResourcesFiltering - Copying 0 resource from src\main\resources to target\classes
2023-10-05 15:46:52,519 [Worker-64: Building] INFO  o.a.m.s.f.DefaultMavenResourcesFiltering - skip non existing resourceDirectory D:\training\renish\java practice\Microservices\demo\src\test\resources
2023-10-05 15:47:08,459 [Worker-58: Building] INFO  o.a.m.s.f.DefaultMavenResourcesFiltering - Copying 1 resource from src\main\resources to target\classes
2023-10-05 15:47:08,471 [Worker-58: Building] INFO  o.a.m.s.f.DefaultMavenResourcesFiltering - Copying 0 resource from src\main\resources to target\classes
2023-10-05 15:47:08,475 [Worker-58: Building] INFO  o.a.m.s.f.DefaultMavenResourcesFiltering - skip non existing resourceDirectory D:\training\renish\java practice\Microservices\demo\src\test\resources
2023-10-05 15:47:24,673 [Worker-58: Building] INFO  o.a.m.s.f.DefaultMavenResourcesFiltering - Copying 1 resource from src\main\resources to target\classes
2023-10-05 15:47:24,689 [Worker-58: Building] INFO  o.a.m.s.f.DefaultMavenResourcesFiltering - Copying 0 resource from src\main\resources to target\classes
2023-10-05 15:47:24,693 [Worker-58: Building] INFO  o.a.m.s.f.DefaultMavenResourcesFiltering - skip non existing resourceDirectory D:\training\renish\java practice\Microservices\demo\src\test\resources
2023-10-05 15:47:42,487 [Worker-66: Building] INFO  o.a.m.s.f.DefaultMavenResourcesFiltering - Copying 1 resource from src\main\resources to target\classes
2023-10-05 15:47:42,491 [Worker-66: Building] INFO  o.a.m.s.f.DefaultMavenResourcesFiltering - Copying 0 resource from src\main\resources to target\classes
2023-10-05 15:47:42,494 [Worker-66: Building] INFO  o.a.m.s.f.DefaultMavenResourcesFiltering - skip non existing resourceDirectory D:\training\renish\java practice\Microservices\demo\src\test\resources
2023-10-05 15:48:38,212 [Worker-65: Building Workspace] INFO  o.a.m.s.f.DefaultMavenResourcesFiltering - Copying 1 resource from src\main\resources to target\classes
2023-10-05 15:48:38,219 [Worker-65: Building Workspace] INFO  o.a.m.s.f.DefaultMavenResourcesFiltering - Copying 0 resource from src\main\resources to target\classes
2023-10-05 15:48:38,222 [Worker-65: Building Workspace] INFO  o.a.m.s.f.DefaultMavenResourcesFiltering - skip non existing resourceDirectory D:\training\renish\java practice\Microservices\demo\src\test\resources
2023-10-05 15:51:19,050 [Worker-65: Building] INFO  o.a.m.s.f.DefaultMavenResourcesFiltering - Copying 1 resource from src\main\resources to target\classes
2023-10-05 15:51:19,057 [Worker-65: Building] INFO  o.a.m.s.f.DefaultMavenResourcesFiltering - Copying 0 resource from src\main\resources to target\classes
2023-10-05 15:51:19,060 [Worker-65: Building] INFO  o.a.m.s.f.DefaultMavenResourcesFiltering - skip non existing resourceDirectory D:\training\renish\java practice\Microservices\demo\src\test\resources
2023-10-05 15:51:55,790 [Worker-65: Building] INFO  o.a.m.s.f.DefaultMavenResourcesFiltering - Copying 1 resource from src\main\resources to target\classes
2023-10-05 15:51:55,807 [Worker-65: Building] INFO  o.a.m.s.f.DefaultMavenResourcesFiltering - Copying 0 resource from src\main\resources to target\classes
2023-10-05 15:51:55,811 [Worker-65: Building] INFO  o.a.m.s.f.DefaultMavenResourcesFiltering - skip non existing resourceDirectory D:\training\renish\java practice\Microservices\demo\src\test\resources
2023-10-05 15:52:17,194 [Worker-58: Building] INFO  o.a.m.s.f.DefaultMavenResourcesFiltering - Copying 1 resource from src\main\resources to target\classes
2023-10-05 15:52:17,199 [Worker-58: Building] INFO  o.a.m.s.f.DefaultMavenResourcesFiltering - Copying 0 resource from src\main\resources to target\classes
2023-10-05 15:52:17,203 [Worker-58: Building] INFO  o.a.m.s.f.DefaultMavenResourcesFiltering - skip non existing resourceDirectory D:\training\renish\java practice\Microservices\demo\src\test\resources
2023-10-05 15:53:33,263 [Worker-65: Building] INFO  o.a.m.s.f.DefaultMavenResourcesFiltering - Copying 1 resource from src\main\resources to target\classes
2023-10-05 15:53:33,271 [Worker-65: Building] INFO  o.a.m.s.f.DefaultMavenResourcesFiltering - Copying 0 resource from src\main\resources to target\classes
2023-10-05 15:53:33,273 [Worker-65: Building] INFO  o.a.m.s.f.DefaultMavenResourcesFiltering - skip non existing resourceDirectory D:\training\renish\java practice\Microservices\demo\src\test\resources
2023-10-05 15:53:43,343 [Worker-67: Building] INFO  o.a.m.s.f.DefaultMavenResourcesFiltering - Copying 1 resource from src\main\resources to target\classes
2023-10-05 15:53:43,351 [Worker-67: Building] INFO  o.a.m.s.f.DefaultMavenResourcesFiltering - Copying 0 resource from src\main\resources to target\classes
2023-10-05 15:53:43,353 [Worker-67: Building] INFO  o.a.m.s.f.DefaultMavenResourcesFiltering - skip non existing resourceDirectory D:\training\renish\java practice\Microservices\demo\src\test\resources
2023-10-05 15:57:13,496 [Worker-68: Building] INFO  o.a.m.s.f.DefaultMavenResourcesFiltering - Copying 1 resource from src\main\resources to target\classes
2023-10-05 15:57:13,504 [Worker-68: Building] INFO  o.a.m.s.f.DefaultMavenResourcesFiltering - Copying 0 resource from src\main\resources to target\classes
2023-10-05 15:57:13,505 [Worker-68: Building] INFO  o.a.m.s.f.DefaultMavenResourcesFiltering - skip non existing resourceDirectory D:\training\renish\java practice\Microservices\demo\src\test\resources
2023-10-05 15:57:56,540 [Worker-61: Building] INFO  o.a.m.s.f.DefaultMavenResourcesFiltering - Copying 1 resource from src\main\resources to target\classes
2023-10-05 15:57:56,550 [Worker-61: Building] INFO  o.a.m.s.f.DefaultMavenResourcesFiltering - Copying 0 resource from src\main\resources to target\classes
2023-10-05 15:57:56,553 [Worker-61: Building] INFO  o.a.m.s.f.DefaultMavenResourcesFiltering - skip non existing resourceDirectory D:\training\renish\java practice\Microservices\demo\src\test\resources
2023-10-05 15:58:04,312 [Worker-64: Building] INFO  o.a.m.s.f.DefaultMavenResourcesFiltering - Copying 1 resource from src\main\resources to target\classes
2023-10-05 15:58:04,320 [Worker-64: Building] INFO  o.a.m.s.f.DefaultMavenResourcesFiltering - Copying 0 resource from src\main\resources to target\classes
2023-10-05 15:58:04,322 [Worker-64: Building] INFO  o.a.m.s.f.DefaultMavenResourcesFiltering - skip non existing resourceDirectory D:\training\renish\java practice\Microservices\demo\src\test\resources
2023-10-05 15:58:15,857 [Worker-61: Building] INFO  o.a.m.s.f.DefaultMavenResourcesFiltering - Copying 1 resource from src\main\resources to target\classes
2023-10-05 15:58:15,866 [Worker-61: Building] INFO  o.a.m.s.f.DefaultMavenResourcesFiltering - Copying 0 resource from src\main\resources to target\classes
2023-10-05 15:58:15,869 [Worker-61: Building] INFO  o.a.m.s.f.DefaultMavenResourcesFiltering - skip non existing resourceDirectory D:\training\renish\java practice\Microservices\demo\src\test\resources
2023-10-05 15:58:41,241 [Worker-67: Building] INFO  o.a.m.s.f.DefaultMavenResourcesFiltering - Copying 1 resource from src\main\resources to target\classes
2023-10-05 15:58:41,251 [Worker-67: Building] INFO  o.a.m.s.f.DefaultMavenResourcesFiltering - Copying 0 resource from src\main\resources to target\classes
2023-10-05 15:58:41,253 [Worker-67: Building] INFO  o.a.m.s.f.DefaultMavenResourcesFiltering - skip non existing resourceDirectory D:\training\renish\java practice\Microservices\demo\src\test\resources
2023-10-05 16:00:12,616 [Worker-67: Building] INFO  o.a.m.s.f.DefaultMavenResourcesFiltering - Copying 1 resource from src\main\resources to target\classes
2023-10-05 16:00:12,621 [Worker-67: Building] INFO  o.a.m.s.f.DefaultMavenResourcesFiltering - Copying 0 resource from src\main\resources to target\classes
2023-10-05 16:00:12,625 [Worker-67: Building] INFO  o.a.m.s.f.DefaultMavenResourcesFiltering - skip non existing resourceDirectory D:\training\renish\java practice\Microservices\demo\src\test\resources
2023-10-05 16:07:18,040 [Worker-67: Building] INFO  o.a.m.s.f.DefaultMavenResourcesFiltering - Copying 1 resource from src\main\resources to target\classes
2023-10-05 16:07:18,048 [Worker-67: Building] INFO  o.a.m.s.f.DefaultMavenResourcesFiltering - Copying 0 resource from src\main\resources to target\classes
2023-10-05 16:07:18,050 [Worker-67: Building] INFO  o.a.m.s.f.DefaultMavenResourcesFiltering - skip non existing resourceDirectory D:\training\renish\java practice\Microservices\demo\src\test\resources
2023-10-05 16:10:06,417 [Worker-67: Building] INFO  o.a.m.s.f.DefaultMavenResourcesFiltering - Copying 1 resource from src\main\resources to target\classes
2023-10-05 16:10:06,424 [Worker-67: Building] INFO  o.a.m.s.f.DefaultMavenResourcesFiltering - Copying 0 resource from src\main\resources to target\classes
2023-10-05 16:10:06,426 [Worker-67: Building] INFO  o.a.m.s.f.DefaultMavenResourcesFiltering - skip non existing resourceDirectory D:\training\renish\java practice\Microservices\demo\src\test\resources
2023-10-05 16:22:22,682 [Worker-72: Building] INFO  o.a.m.s.f.DefaultMavenResourcesFiltering - Copying 1 resource from src\main\resources to target\classes
2023-10-05 16:22:22,690 [Worker-72: Building] INFO  o.a.m.s.f.DefaultMavenResourcesFiltering - Copying 0 resource from src\main\resources to target\classes
2023-10-05 16:22:22,692 [Worker-72: Building] INFO  o.a.m.s.f.DefaultMavenResourcesFiltering - skip non existing resourceDirectory D:\training\renish\java practice\Microservices\demo\src\test\resources
2023-10-05 16:29:17,335 [Worker-72: Building] INFO  o.a.m.s.f.DefaultMavenResourcesFiltering - Copying 1 resource from src\main\resources to target\classes
2023-10-05 16:29:17,373 [Worker-72: Building] INFO  o.a.m.s.f.DefaultMavenResourcesFiltering - Copying 0 resource from src\main\resources to target\classes
2023-10-05 16:29:17,377 [Worker-72: Building] INFO  o.a.m.s.f.DefaultMavenResourcesFiltering - skip non existing resourceDirectory D:\training\renish\java practice\Microservices\demo\src\test\resources
2023-10-05 16:29:33,943 [Worker-77: Building] INFO  o.a.m.s.f.DefaultMavenResourcesFiltering - Copying 1 resource from src\main\resources to target\classes
2023-10-05 16:29:33,952 [Worker-77: Building] INFO  o.a.m.s.f.DefaultMavenResourcesFiltering - Copying 0 resource from src\main\resources to target\classes
2023-10-05 16:29:33,955 [Worker-77: Building] INFO  o.a.m.s.f.DefaultMavenResourcesFiltering - skip non existing resourceDirectory D:\training\renish\java practice\Microservices\demo\src\test\resources
2023-10-05 16:40:28,143 [Worker-82: Building] INFO  o.a.m.s.f.DefaultMavenResourcesFiltering - Copying 1 resource from src\main\resources to target\classes
2023-10-05 16:40:28,173 [Worker-82: Building] INFO  o.a.m.s.f.DefaultMavenResourcesFiltering - Copying 0 resource from src\main\resources to target\classes
2023-10-05 16:40:28,175 [Worker-82: Building] INFO  o.a.m.s.f.DefaultMavenResourcesFiltering - skip non existing resourceDirectory D:\training\renish\java practice\Microservices\demo\src\test\resources
2023-10-05 16:40:37,809 [Worker-83: Building] INFO  o.a.m.s.f.DefaultMavenResourcesFiltering - Copying 1 resource from src\main\resources to target\classes
2023-10-05 16:40:37,885 [Worker-83: Building] INFO  o.a.m.s.f.DefaultMavenResourcesFiltering - Copying 0 resource from src\main\resources to target\classes
2023-10-05 16:40:37,887 [Worker-83: Building] INFO  o.a.m.s.f.DefaultMavenResourcesFiltering - skip non existing resourceDirectory D:\training\renish\java practice\Microservices\demo\src\test\resources
2023-10-05 17:10:23,599 [Worker-79: Building] INFO  o.a.m.s.f.DefaultMavenResourcesFiltering - Copying 1 resource from src\main\resources to target\classes
2023-10-05 17:10:23,613 [Worker-79: Building] INFO  o.a.m.s.f.DefaultMavenResourcesFiltering - Copying 0 resource from src\main\resources to target\classes
2023-10-05 17:10:23,616 [Worker-79: Building] INFO  o.a.m.s.f.DefaultMavenResourcesFiltering - skip non existing resourceDirectory D:\training\renish\java practice\Microservices\demo\src\test\resources
2023-10-05 17:10:27,467 [Worker-87: Building] INFO  o.a.m.s.f.DefaultMavenResourcesFiltering - Copying 1 resource from src\main\resources to target\classes
2023-10-05 17:10:27,489 [Worker-87: Building] INFO  o.a.m.s.f.DefaultMavenResourcesFiltering - Copying 0 resource from src\main\resources to target\classes
2023-10-05 17:10:27,491 [Worker-87: Building] INFO  o.a.m.s.f.DefaultMavenResourcesFiltering - skip non existing resourceDirectory D:\training\renish\java practice\Microservices\demo\src\test\resources
2023-10-05 17:10:30,504 [Worker-90: Building] INFO  o.a.m.s.f.DefaultMavenResourcesFiltering - Copying 1 resource from src\main\resources to target\classes
2023-10-05 17:10:30,540 [Worker-90: Building] INFO  o.a.m.s.f.DefaultMavenResourcesFiltering - Copying 0 resource from src\main\resources to target\classes
2023-10-05 17:10:30,542 [Worker-90: Building] INFO  o.a.m.s.f.DefaultMavenResourcesFiltering - skip non existing resourceDirectory D:\training\renish\java practice\Microservices\demo\src\test\resources
2023-10-05 17:10:33,457 [Worker-89: Building] INFO  o.a.m.s.f.DefaultMavenResourcesFiltering - Copying 1 resource from src\main\resources to target\classes
2023-10-05 17:10:33,489 [Worker-89: Building] INFO  o.a.m.s.f.DefaultMavenResourcesFiltering - Copying 0 resource from src\main\resources to target\classes
2023-10-05 17:10:33,491 [Worker-89: Building] INFO  o.a.m.s.f.DefaultMavenResourcesFiltering - skip non existing resourceDirectory D:\training\renish\java practice\Microservices\demo\src\test\resources
2023-10-05 17:10:34,739 [Worker-87: Building] INFO  o.a.m.s.f.DefaultMavenResourcesFiltering - Copying 1 resource from src\main\resources to target\classes
2023-10-05 17:10:34,766 [Worker-87: Building] INFO  o.a.m.s.f.DefaultMavenResourcesFiltering - Copying 0 resource from src\main\resources to target\classes
2023-10-05 17:10:34,768 [Worker-87: Building] INFO  o.a.m.s.f.DefaultMavenResourcesFiltering - skip non existing resourceDirectory D:\training\renish\java practice\Microservices\demo\src\test\resources
2023-10-05 17:19:39,740 [Worker-92: Building] INFO  o.a.m.s.f.DefaultMavenResourcesFiltering - Copying 1 resource from src\main\resources to target\classes
2023-10-05 17:19:39,745 [Worker-92: Building] INFO  o.a.m.s.f.DefaultMavenResourcesFiltering - Copying 0 resource from src\main\resources to target\classes
2023-10-05 17:19:39,746 [Worker-92: Building] INFO  o.a.m.s.f.DefaultMavenResourcesFiltering - skip non existing resourceDirectory D:\training\renish\java practice\Microservices\demo\src\test\resources
2023-10-05 17:22:10,321 [Worker-94: Building] INFO  o.a.m.s.f.DefaultMavenResourcesFiltering - Copying 1 resource from src\main\resources to target\classes
2023-10-05 17:22:10,325 [Worker-94: Building] INFO  o.a.m.s.f.DefaultMavenResourcesFiltering - Copying 0 resource from src\main\resources to target\classes
2023-10-05 17:22:10,327 [Worker-94: Building] INFO  o.a.m.s.f.DefaultMavenResourcesFiltering - skip non existing resourceDirectory D:\training\renish\java practice\Microservices\demo\src\test\resources
2023-10-05 17:22:24,243 [Worker-93: Building] INFO  o.a.m.s.f.DefaultMavenResourcesFiltering - Copying 1 resource from src\main\resources to target\classes
2023-10-05 17:22:24,248 [Worker-93: Building] INFO  o.a.m.s.f.DefaultMavenResourcesFiltering - Copying 0 resource from src\main\resources to target\classes
2023-10-05 17:22:24,253 [Worker-93: Building] INFO  o.a.m.s.f.DefaultMavenResourcesFiltering - skip non existing resourceDirectory D:\training\renish\java practice\Microservices\demo\src\test\resources
2023-10-05 17:22:53,250 [Worker-89: Building] INFO  o.a.m.s.f.DefaultMavenResourcesFiltering - Copying 1 resource from src\main\resources to target\classes
2023-10-05 17:22:53,255 [Worker-89: Building] INFO  o.a.m.s.f.DefaultMavenResourcesFiltering - Copying 0 resource from src\main\resources to target\classes
2023-10-05 17:22:53,257 [Worker-89: Building] INFO  o.a.m.s.f.DefaultMavenResourcesFiltering - skip non existing resourceDirectory D:\training\renish\java practice\Microservices\demo\src\test\resources
2023-10-05 17:57:27,446 [Worker-99: Building] INFO  o.a.m.s.f.DefaultMavenResourcesFiltering - Copying 1 resource from src\main\resources to target\classes
2023-10-05 17:57:27,459 [Worker-99: Building] INFO  o.a.m.s.f.DefaultMavenResourcesFiltering - Copying 0 resource from src\main\resources to target\classes
2023-10-05 17:57:27,461 [Worker-99: Building] INFO  o.a.m.s.f.DefaultMavenResourcesFiltering - skip non existing resourceDirectory D:\training\renish\java practice\Microservices\demo\src\test\resources
2023-10-05 18:08:26,645 [Worker-100: Building] INFO  o.a.m.s.f.DefaultMavenResourcesFiltering - Copying 1 resource from src\main\resources to target\classes
2023-10-05 18:08:26,706 [Worker-100: Building] INFO  o.a.m.s.f.DefaultMavenResourcesFiltering - Copying 0 resource from src\main\resources to target\classes
2023-10-05 18:08:26,709 [Worker-100: Building] INFO  o.a.m.s.f.DefaultMavenResourcesFiltering - skip non existing resourceDirectory D:\training\renish\java practice\Microservices\demo\src\test\resources
2023-10-05 18:09:27,357 [Worker-103: Launching demo - DemoApplication] INFO  o.a.m.s.f.DefaultMavenResourcesFiltering - Copying 1 resource from src\main\resources to target\classes
2023-10-05 18:09:27,380 [Worker-103: Launching demo - DemoApplication] INFO  o.a.m.s.f.DefaultMavenResourcesFiltering - Copying 0 resource from src\main\resources to target\classes
2023-10-05 18:09:27,383 [Worker-103: Launching demo - DemoApplication] INFO  o.a.m.s.f.DefaultMavenResourcesFiltering - skip non existing resourceDirectory D:\training\renish\java practice\Microservices\demo\src\test\resources
2023-10-05 18:33:17,510 [Worker-111: Building] INFO  o.a.m.s.f.DefaultMavenResourcesFiltering - Copying 1 resource from src\main\resources to target\classes
2023-10-05 18:33:17,537 [Worker-111: Building] INFO  o.a.m.s.f.DefaultMavenResourcesFiltering - Copying 0 resource from src\main\resources to target\classes
2023-10-05 18:33:17,540 [Worker-111: Building] INFO  o.a.m.s.f.DefaultMavenResourcesFiltering - skip non existing resourceDirectory D:\training\renish\java practice\Microservices\demo\src\test\resources
2023-10-05 18:33:28,290 [Worker-105: Building] INFO  o.a.m.s.f.DefaultMavenResourcesFiltering - Copying 1 resource from src\main\resources to target\classes
2023-10-05 18:33:28,319 [Worker-105: Building] INFO  o.a.m.s.f.DefaultMavenResourcesFiltering - Copying 0 resource from src\main\resources to target\classes
2023-10-05 18:33:28,321 [Worker-105: Building] INFO  o.a.m.s.f.DefaultMavenResourcesFiltering - skip non existing resourceDirectory D:\training\renish\java practice\Microservices\demo\src\test\resources
2023-10-05 18:36:09,035 [Worker-112: Building] INFO  o.a.m.s.f.DefaultMavenResourcesFiltering - Copying 1 resource from src\main\resources to target\classes
2023-10-05 18:36:09,044 [Worker-112: Building] INFO  o.a.m.s.f.DefaultMavenResourcesFiltering - Copying 0 resource from src\main\resources to target\classes
2023-10-05 18:36:09,046 [Worker-112: Building] INFO  o.a.m.s.f.DefaultMavenResourcesFiltering - skip non existing resourceDirectory D:\training\renish\java practice\Microservices\demo\src\test\resources
2023-10-05 18:36:32,685 [Worker-112: Building] INFO  o.a.m.s.f.DefaultMavenResourcesFiltering - Copying 1 resource from src\main\resources to target\classes
2023-10-05 18:36:32,697 [Worker-112: Building] INFO  o.a.m.s.f.DefaultMavenResourcesFiltering - Copying 0 resource from src\main\resources to target\classes
2023-10-05 18:36:32,700 [Worker-112: Building] INFO  o.a.m.s.f.DefaultMavenResourcesFiltering - skip non existing resourceDirectory D:\training\renish\java practice\Microservices\demo\src\test\resources
2023-10-05 18:37:01,818 [Worker-110: Launching demo - DemoApplication] INFO  o.a.m.s.f.DefaultMavenResourcesFiltering - Copying 1 resource from src\main\resources to target\classes
2023-10-05 18:37:01,826 [Worker-110: Launching demo - DemoApplication] INFO  o.a.m.s.f.DefaultMavenResourcesFiltering - Copying 0 resource from src\main\resources to target\classes
2023-10-05 18:37:01,828 [Worker-110: Launching demo - DemoApplication] INFO  o.a.m.s.f.DefaultMavenResourcesFiltering - skip non existing resourceDirectory D:\training\renish\java practice\Microservices\demo\src\test\resources
2023-10-06 13:52:21,196 [Worker-168: Import Getting Started Content] INFO  o.e.m.c.i.l.LifecycleMappingFactory - Using org.eclipse.m2e.jdt.JarLifecycleMapping lifecycle mapping for MavenProject: com.lcwd.hotel:HotelService:2.7.5 @ D:\training\renish\java practice\Microservices\HotelService\pom.xml.
2023-10-06 13:52:24,693 [Worker-168: Import Getting Started Content] INFO  o.e.m.j.i.AbstractJavaProjectConfigurator - Adding source folder /HotelService/src/main/java
2023-10-06 13:52:24,694 [Worker-168: Import Getting Started Content] INFO  o.e.m.j.i.AbstractJavaProjectConfigurator - Adding resource folder /HotelService/src/main/resources
2023-10-06 13:52:24,706 [Worker-168: Import Getting Started Content] INFO  o.e.m.j.i.AbstractJavaProjectConfigurator - Adding resource folder /HotelService/src/main/resources
2023-10-06 13:52:24,720 [Worker-168: Import Getting Started Content] INFO  o.e.m.j.i.AbstractJavaProjectConfigurator - Adding source folder /HotelService/src/test/java
2023-10-06 13:52:29,085 [Worker-168: Import Getting Started Content] INFO  o.e.m.c.i.p.ProjectConfigurationManager - Imported and configured 1 project(s) in 10 sec
2023-10-06 13:52:29,086 [Worker-168: Import Getting Started Content] INFO  o.e.m.c.i.p.ProjectConfigurationManager - Update started
2023-10-06 13:52:29,416 [Worker-168: Import Getting Started Content] INFO  o.e.m.c.i.l.LifecycleMappingFactory - Using org.eclipse.m2e.jdt.JarLifecycleMapping lifecycle mapping for MavenProject: com.lcwd.hotel:HotelService:2.7.5 @ D:\training\renish\java practice\Microservices\HotelService\pom.xml.
2023-10-06 13:52:30,038 [Worker-168: Import Getting Started Content] INFO  o.e.m.j.i.AbstractJavaProjectConfigurator - Adding source folder /HotelService/src/main/java
2023-10-06 13:52:30,038 [Worker-168: Import Getting Started Content] INFO  o.e.m.j.i.AbstractJavaProjectConfigurator - Adding resource folder /HotelService/src/main/resources
2023-10-06 13:52:30,038 [Worker-168: Import Getting Started Content] INFO  o.e.m.j.i.AbstractJavaProjectConfigurator - Adding resource folder /HotelService/src/main/resources
2023-10-06 13:52:30,041 [Worker-168: Import Getting Started Content] INFO  o.e.m.j.i.AbstractJavaProjectConfigurator - Adding source folder /HotelService/src/test/java
2023-10-06 13:52:31,036 [Worker-168: Import Getting Started Content] INFO  o.e.m.c.i.p.ProjectConfigurationManager - Update completed: 1 sec
2023-10-06 13:52:32,459 [Worker-173: Building] INFO  o.a.m.s.f.DefaultMavenResourcesFiltering - Copying 1 resource from src\main\resources to target\classes
2023-10-06 13:52:32,461 [Worker-173: Building] INFO  o.a.m.s.f.DefaultMavenResourcesFiltering - Copying 0 resource from src\main\resources to target\classes
2023-10-06 13:52:32,464 [Worker-173: Building] INFO  o.a.m.s.f.DefaultMavenResourcesFiltering - skip non existing resourceDirectory D:\training\renish\java practice\Microservices\HotelService\src\test\resources
2023-10-06 13:53:04,819 [Worker-168: Updating Maven Project] INFO  o.e.m.c.i.p.ProjectConfigurationManager - Update started
2023-10-06 13:53:05,235 [Worker-168: Updating Maven Project] INFO  o.e.m.c.i.l.LifecycleMappingFactory - Using org.eclipse.m2e.jdt.JarLifecycleMapping lifecycle mapping for MavenProject: com.lcwd.hotel:HotelService:2.7.5 @ D:\training\renish\java practice\Microservices\HotelService\pom.xml.
2023-10-06 13:53:05,800 [Worker-168: Updating Maven Project] INFO  o.e.m.j.i.AbstractJavaProjectConfigurator - Adding source folder /HotelService/src/main/java
2023-10-06 13:53:05,800 [Worker-168: Updating Maven Project] INFO  o.e.m.j.i.AbstractJavaProjectConfigurator - Adding resource folder /HotelService/src/main/resources
2023-10-06 13:53:05,800 [Worker-168: Updating Maven Project] INFO  o.e.m.j.i.AbstractJavaProjectConfigurator - Adding resource folder /HotelService/src/main/resources
2023-10-06 13:53:05,801 [Worker-168: Updating Maven Project] INFO  o.e.m.j.i.AbstractJavaProjectConfigurator - Adding source folder /HotelService/src/test/java
2023-10-06 13:53:06,284 [Worker-168: Updating Maven Project] INFO  o.e.m.c.i.p.ProjectConfigurationManager - Update completed: 1 sec
2023-10-06 13:53:07,445 [Worker-168: Building] INFO  o.a.m.s.f.DefaultMavenResourcesFiltering - Copying 1 resource from src\main\resources to target\classes
2023-10-06 13:53:07,447 [Worker-168: Building] INFO  o.a.m.s.f.DefaultMavenResourcesFiltering - Copying 0 resource from src\main\resources to target\classes
2023-10-06 13:53:07,448 [Worker-168: Building] INFO  o.a.m.s.f.DefaultMavenResourcesFiltering - skip non existing resourceDirectory D:\training\renish\java practice\Microservices\HotelService\src\test\resources
2023-10-06 13:54:37,472 [Worker-168: Building] INFO  o.a.m.s.f.DefaultMavenResourcesFiltering - Copying 1 resource from src\main\resources to target\classes
2023-10-06 13:54:37,478 [Worker-168: Building] INFO  o.a.m.s.f.DefaultMavenResourcesFiltering - Copying 0 resource from src\main\resources to target\classes
2023-10-06 13:54:37,480 [Worker-168: Building] INFO  o.a.m.s.f.DefaultMavenResourcesFiltering - skip non existing resourceDirectory D:\training\renish\java practice\Microservices\HotelService\src\test\resources
2023-10-06 13:55:32,492 [Worker-177: Launching HotelServiceApplication] INFO  o.a.m.s.f.DefaultMavenResourcesFiltering - Copying 1 resource from src\main\resources to target\classes
2023-10-06 13:55:32,502 [Worker-177: Launching HotelServiceApplication] INFO  o.a.m.s.f.DefaultMavenResourcesFiltering - Copying 0 resource from src\main\resources to target\classes
2023-10-06 13:55:32,504 [Worker-177: Launching HotelServiceApplication] INFO  o.a.m.s.f.DefaultMavenResourcesFiltering - skip non existing resourceDirectory D:\training\renish\java practice\Microservices\HotelService\src\test\resources
2023-10-06 14:36:27,306 [Worker-188: Building] INFO  o.a.m.s.f.DefaultMavenResourcesFiltering - Copying 1 resource from src\main\resources to target\classes
2023-10-06 14:36:27,309 [Worker-188: Building] INFO  o.a.m.s.f.DefaultMavenResourcesFiltering - Copying 0 resource from src\main\resources to target\classes
2023-10-06 14:36:27,311 [Worker-188: Building] INFO  o.a.m.s.f.DefaultMavenResourcesFiltering - skip non existing resourceDirectory D:\training\renish\java practice\Microservices\HotelService\src\test\resources
2023-10-06 14:53:33,284 [Worker-194: Building] INFO  o.a.m.s.f.DefaultMavenResourcesFiltering - Copying 1 resource from src\main\resources to target\classes
2023-10-06 14:53:33,369 [Worker-194: Building] INFO  o.a.m.s.f.DefaultMavenResourcesFiltering - Copying 0 resource from src\main\resources to target\classes
2023-10-06 14:53:33,374 [Worker-194: Building] INFO  o.a.m.s.f.DefaultMavenResourcesFiltering - skip non existing resourceDirectory D:\training\renish\java practice\Microservices\HotelService\src\test\resources
2023-10-06 14:53:42,994 [Worker-193: Building] INFO  o.a.m.s.f.DefaultMavenResourcesFiltering - Copying 1 resource from src\main\resources to target\classes
2023-10-06 14:53:43,011 [Worker-193: Building] INFO  o.a.m.s.f.DefaultMavenResourcesFiltering - Copying 0 resource from src\main\resources to target\classes
2023-10-06 14:53:43,013 [Worker-193: Building] INFO  o.a.m.s.f.DefaultMavenResourcesFiltering - skip non existing resourceDirectory D:\training\renish\java practice\Microservices\HotelService\src\test\resources
2023-10-06 15:02:38,995 [Worker-201: Launching HotelService - HotelServiceApplication] INFO  o.a.m.s.f.DefaultMavenResourcesFiltering - Copying 1 resource from src\main\resources to target\classes
2023-10-06 15:02:39,004 [Worker-201: Launching HotelService - HotelServiceApplication] INFO  o.a.m.s.f.DefaultMavenResourcesFiltering - Copying 0 resource from src\main\resources to target\classes
2023-10-06 15:02:39,006 [Worker-201: Launching HotelService - HotelServiceApplication] INFO  o.a.m.s.f.DefaultMavenResourcesFiltering - skip non existing resourceDirectory D:\training\renish\java practice\Microservices\HotelService\src\test\resources
2023-10-06 15:04:32,770 [Worker-203: Building] INFO  o.a.m.s.f.DefaultMavenResourcesFiltering - Copying 1 resource from src\main\resources to target\classes
2023-10-06 15:04:32,786 [Worker-203: Building] INFO  o.a.m.s.f.DefaultMavenResourcesFiltering - Copying 0 resource from src\main\resources to target\classes
2023-10-06 15:04:32,787 [Worker-203: Building] INFO  o.a.m.s.f.DefaultMavenResourcesFiltering - skip non existing resourceDirectory D:\training\renish\java practice\Microservices\HotelService\src\test\resources
2023-10-06 15:04:45,026 [Worker-200: Building] INFO  o.a.m.s.f.DefaultMavenResourcesFiltering - Copying 1 resource from src\main\resources to target\classes
2023-10-06 15:04:45,041 [Worker-200: Building] INFO  o.a.m.s.f.DefaultMavenResourcesFiltering - Copying 0 resource from src\main\resources to target\classes
2023-10-06 15:04:45,044 [Worker-200: Building] INFO  o.a.m.s.f.DefaultMavenResourcesFiltering - skip non existing resourceDirectory D:\training\renish\java practice\Microservices\HotelService\src\test\resources
2023-10-06 15:05:41,229 [Worker-201: Building] INFO  o.a.m.s.f.DefaultMavenResourcesFiltering - Copying 1 resource from src\main\resources to target\classes
2023-10-06 15:05:41,236 [Worker-201: Building] INFO  o.a.m.s.f.DefaultMavenResourcesFiltering - Copying 0 resource from src\main\resources to target\classes
2023-10-06 15:05:41,238 [Worker-201: Building] INFO  o.a.m.s.f.DefaultMavenResourcesFiltering - skip non existing resourceDirectory D:\training\renish\java practice\Microservices\HotelService\src\test\resources
2023-10-06 15:05:56,500 [Worker-200: Building] INFO  o.a.m.s.f.DefaultMavenResourcesFiltering - Copying 1 resource from src\main\resources to target\classes
2023-10-06 15:05:56,505 [Worker-200: Building] INFO  o.a.m.s.f.DefaultMavenResourcesFiltering - Copying 0 resource from src\main\resources to target\classes
2023-10-06 15:05:56,510 [Worker-200: Building] INFO  o.a.m.s.f.DefaultMavenResourcesFiltering - skip non existing resourceDirectory D:\training\renish\java practice\Microservices\HotelService\src\test\resources
2023-10-06 15:14:34,000 [Worker-168: Building] INFO  o.a.m.s.f.DefaultMavenResourcesFiltering - Copying 1 resource from src\main\resources to target\classes
2023-10-06 15:14:34,014 [Worker-168: Building] INFO  o.a.m.s.f.DefaultMavenResourcesFiltering - Copying 0 resource from src\main\resources to target\classes
2023-10-06 15:14:34,018 [Worker-168: Building] INFO  o.a.m.s.f.DefaultMavenResourcesFiltering - skip non existing resourceDirectory D:\training\renish\java practice\Microservices\HotelService\src\test\resources
2023-10-06 15:14:58,521 [Worker-205: Building] INFO  o.a.m.s.f.DefaultMavenResourcesFiltering - Copying 1 resource from src\main\resources to target\classes
2023-10-06 15:14:58,526 [Worker-205: Building] INFO  o.a.m.s.f.DefaultMavenResourcesFiltering - Copying 0 resource from src\main\resources to target\classes
2023-10-06 15:14:58,528 [Worker-205: Building] INFO  o.a.m.s.f.DefaultMavenResourcesFiltering - skip non existing resourceDirectory D:\training\renish\java practice\Microservices\HotelService\src\test\resources
2023-10-06 15:20:55,471 [Worker-168: Building] INFO  o.a.m.s.f.DefaultMavenResourcesFiltering - Copying 1 resource from src\main\resources to target\classes
2023-10-06 15:20:55,503 [Worker-168: Building] INFO  o.a.m.s.f.DefaultMavenResourcesFiltering - Copying 0 resource from src\main\resources to target\classes
2023-10-06 15:20:55,505 [Worker-168: Building] INFO  o.a.m.s.f.DefaultMavenResourcesFiltering - skip non existing resourceDirectory D:\training\renish\java practice\Microservices\HotelService\src\test\resources
2023-10-06 15:21:12,477 [Worker-207: Building] INFO  o.a.m.s.f.DefaultMavenResourcesFiltering - Copying 1 resource from src\main\resources to target\classes
2023-10-06 15:21:12,499 [Worker-207: Building] INFO  o.a.m.s.f.DefaultMavenResourcesFiltering - Copying 0 resource from src\main\resources to target\classes
2023-10-06 15:21:12,501 [Worker-207: Building] INFO  o.a.m.s.f.DefaultMavenResourcesFiltering - skip non existing resourceDirectory D:\training\renish\java practice\Microservices\HotelService\src\test\resources
2023-10-06 15:22:17,196 [Worker-206: Building] INFO  o.a.m.s.f.DefaultMavenResourcesFiltering - Copying 1 resource from src\main\resources to target\classes
2023-10-06 15:22:17,213 [Worker-206: Building] INFO  o.a.m.s.f.DefaultMavenResourcesFiltering - Copying 0 resource from src\main\resources to target\classes
2023-10-06 15:22:17,215 [Worker-206: Building] INFO  o.a.m.s.f.DefaultMavenResourcesFiltering - skip non existing resourceDirectory D:\training\renish\java practice\Microservices\HotelService\src\test\resources
2023-10-06 15:22:19,978 [Worker-206: Building] INFO  o.a.m.s.f.DefaultMavenResourcesFiltering - Copying 1 resource from src\main\resources to target\classes
2023-10-06 15:22:19,997 [Worker-206: Building] INFO  o.a.m.s.f.DefaultMavenResourcesFiltering - Copying 0 resource from src\main\resources to target\classes
2023-10-06 15:22:19,999 [Worker-206: Building] INFO  o.a.m.s.f.DefaultMavenResourcesFiltering - skip non existing resourceDirectory D:\training\renish\java practice\Microservices\HotelService\src\test\resources
2023-10-06 15:22:22,049 [Worker-205: Building] INFO  o.a.m.s.f.DefaultMavenResourcesFiltering - Copying 1 resource from src\main\resources to target\classes
2023-10-06 15:22:22,056 [Worker-205: Building] INFO  o.a.m.s.f.DefaultMavenResourcesFiltering - Copying 0 resource from src\main\resources to target\classes
2023-10-06 15:22:22,058 [Worker-205: Building] INFO  o.a.m.s.f.DefaultMavenResourcesFiltering - skip non existing resourceDirectory D:\training\renish\java practice\Microservices\HotelService\src\test\resources
2023-10-06 15:29:11,753 [Worker-206: Building] INFO  o.a.m.s.f.DefaultMavenResourcesFiltering - Copying 1 resource from src\main\resources to target\classes
2023-10-06 15:29:11,760 [Worker-206: Building] INFO  o.a.m.s.f.DefaultMavenResourcesFiltering - Copying 0 resource from src\main\resources to target\classes
2023-10-06 15:29:11,762 [Worker-206: Building] INFO  o.a.m.s.f.DefaultMavenResourcesFiltering - skip non existing resourceDirectory D:\training\renish\java practice\Microservices\HotelService\src\test\resources
2023-10-06 15:29:18,980 [Worker-208: Building] INFO  o.a.m.s.f.DefaultMavenResourcesFiltering - Copying 1 resource from src\main\resources to target\classes
2023-10-06 15:29:18,987 [Worker-208: Building] INFO  o.a.m.s.f.DefaultMavenResourcesFiltering - Copying 0 resource from src\main\resources to target\classes
2023-10-06 15:29:18,989 [Worker-208: Building] INFO  o.a.m.s.f.DefaultMavenResourcesFiltering - skip non existing resourceDirectory D:\training\renish\java practice\Microservices\HotelService\src\test\resources
2023-10-06 15:34:48,405 [Worker-206: Building] INFO  o.a.m.s.f.DefaultMavenResourcesFiltering - Copying 1 resource from src\main\resources to target\classes
2023-10-06 15:34:48,413 [Worker-206: Building] INFO  o.a.m.s.f.DefaultMavenResourcesFiltering - Copying 0 resource from src\main\resources to target\classes
2023-10-06 15:34:48,415 [Worker-206: Building] INFO  o.a.m.s.f.DefaultMavenResourcesFiltering - skip non existing resourceDirectory D:\training\renish\java practice\Microservices\HotelService\src\test\resources
2023-10-06 15:34:51,478 [Worker-208: Building] INFO  o.a.m.s.f.DefaultMavenResourcesFiltering - Copying 1 resource from src\main\resources to target\classes
2023-10-06 15:34:51,485 [Worker-208: Building] INFO  o.a.m.s.f.DefaultMavenResourcesFiltering - Copying 0 resource from src\main\resources to target\classes
2023-10-06 15:34:51,487 [Worker-208: Building] INFO  o.a.m.s.f.DefaultMavenResourcesFiltering - skip non existing resourceDirectory D:\training\renish\java practice\Microservices\HotelService\src\test\resources
2023-10-06 15:35:07,273 [Worker-206: Building] INFO  o.a.m.s.f.DefaultMavenResourcesFiltering - Copying 1 resource from src\main\resources to target\classes
2023-10-06 15:35:07,280 [Worker-206: Building] INFO  o.a.m.s.f.DefaultMavenResourcesFiltering - Copying 0 resource from src\main\resources to target\classes
2023-10-06 15:35:07,282 [Worker-206: Building] INFO  o.a.m.s.f.DefaultMavenResourcesFiltering - skip non existing resourceDirectory D:\training\renish\java practice\Microservices\HotelService\src\test\resources
2023-10-06 15:36:25,827 [Worker-210: Building] INFO  o.a.m.s.f.DefaultMavenResourcesFiltering - Copying 1 resource from src\main\resources to target\classes
2023-10-06 15:36:25,831 [Worker-210: Building] INFO  o.a.m.s.f.DefaultMavenResourcesFiltering - Copying 0 resource from src\main\resources to target\classes
2023-10-06 15:36:25,833 [Worker-210: Building] INFO  o.a.m.s.f.DefaultMavenResourcesFiltering - skip non existing resourceDirectory D:\training\renish\java practice\Microservices\HotelService\src\test\resources
2023-10-06 15:37:14,893 [Worker-210: Building] INFO  o.a.m.s.f.DefaultMavenResourcesFiltering - Copying 1 resource from src\main\resources to target\classes
2023-10-06 15:37:14,898 [Worker-210: Building] INFO  o.a.m.s.f.DefaultMavenResourcesFiltering - Copying 0 resource from src\main\resources to target\classes
2023-10-06 15:37:14,900 [Worker-210: Building] INFO  o.a.m.s.f.DefaultMavenResourcesFiltering - skip non existing resourceDirectory D:\training\renish\java practice\Microservices\HotelService\src\test\resources
2023-10-06 15:37:27,666 [Worker-207: Building] INFO  o.a.m.s.f.DefaultMavenResourcesFiltering - Copying 1 resource from src\main\resources to target\classes
2023-10-06 15:37:27,672 [Worker-207: Building] INFO  o.a.m.s.f.DefaultMavenResourcesFiltering - Copying 0 resource from src\main\resources to target\classes
2023-10-06 15:37:27,674 [Worker-207: Building] INFO  o.a.m.s.f.DefaultMavenResourcesFiltering - skip non existing resourceDirectory D:\training\renish\java practice\Microservices\HotelService\src\test\resources
2023-10-06 15:47:09,612 [Worker-207: Building] INFO  o.a.m.s.f.DefaultMavenResourcesFiltering - Copying 1 resource from src\main\resources to target\classes
2023-10-06 15:47:09,655 [Worker-207: Building] INFO  o.a.m.s.f.DefaultMavenResourcesFiltering - Copying 0 resource from src\main\resources to target\classes
2023-10-06 15:47:09,658 [Worker-207: Building] INFO  o.a.m.s.f.DefaultMavenResourcesFiltering - skip non existing resourceDirectory D:\training\renish\java practice\Microservices\HotelService\src\test\resources
2023-10-06 15:47:21,627 [Worker-206: Building] INFO  o.a.m.s.f.DefaultMavenResourcesFiltering - Copying 1 resource from src\main\resources to target\classes
2023-10-06 15:47:21,633 [Worker-206: Building] INFO  o.a.m.s.f.DefaultMavenResourcesFiltering - Copying 0 resource from src\main\resources to target\classes
2023-10-06 15:47:21,635 [Worker-206: Building] INFO  o.a.m.s.f.DefaultMavenResourcesFiltering - skip non existing resourceDirectory D:\training\renish\java practice\Microservices\HotelService\src\test\resources
2023-10-06 15:50:25,609 [Worker-212: Building] INFO  o.a.m.s.f.DefaultMavenResourcesFiltering - Copying 1 resource from src\main\resources to target\classes
2023-10-06 15:50:25,616 [Worker-212: Building] INFO  o.a.m.s.f.DefaultMavenResourcesFiltering - Copying 0 resource from src\main\resources to target\classes
2023-10-06 15:50:25,617 [Worker-212: Building] INFO  o.a.m.s.f.DefaultMavenResourcesFiltering - skip non existing resourceDirectory D:\training\renish\java practice\Microservices\HotelService\src\test\resources
2023-10-06 15:51:36,163 [Worker-206: Building] INFO  o.a.m.s.f.DefaultMavenResourcesFiltering - Copying 1 resource from src\main\resources to target\classes
2023-10-06 15:51:36,171 [Worker-206: Building] INFO  o.a.m.s.f.DefaultMavenResourcesFiltering - Copying 0 resource from src\main\resources to target\classes
2023-10-06 15:51:36,173 [Worker-206: Building] INFO  o.a.m.s.f.DefaultMavenResourcesFiltering - skip non existing resourceDirectory D:\training\renish\java practice\Microservices\HotelService\src\test\resources
2023-10-06 15:58:50,292 [Worker-211: Building] INFO  o.a.m.s.f.DefaultMavenResourcesFiltering - Copying 1 resource from src\main\resources to target\classes
2023-10-06 15:58:50,299 [Worker-211: Building] INFO  o.a.m.s.f.DefaultMavenResourcesFiltering - Copying 0 resource from src\main\resources to target\classes
2023-10-06 15:58:50,301 [Worker-211: Building] INFO  o.a.m.s.f.DefaultMavenResourcesFiltering - skip non existing resourceDirectory D:\training\renish\java practice\Microservices\HotelService\src\test\resources
2023-10-06 16:03:38,191 [Worker-215: Building] INFO  o.a.m.s.f.DefaultMavenResourcesFiltering - Copying 1 resource from src\main\resources to target\classes
2023-10-06 16:03:38,198 [Worker-215: Building] INFO  o.a.m.s.f.DefaultMavenResourcesFiltering - Copying 0 resource from src\main\resources to target\classes
2023-10-06 16:03:38,201 [Worker-215: Building] INFO  o.a.m.s.f.DefaultMavenResourcesFiltering - skip non existing resourceDirectory D:\training\renish\java practice\Microservices\HotelService\src\test\resources
2023-10-06 16:04:40,398 [Worker-216: Building] INFO  o.a.m.s.f.DefaultMavenResourcesFiltering - Copying 1 resource from src\main\resources to target\classes
2023-10-06 16:04:40,405 [Worker-216: Building] INFO  o.a.m.s.f.DefaultMavenResourcesFiltering - Copying 0 resource from src\main\resources to target\classes
2023-10-06 16:04:40,406 [Worker-216: Building] INFO  o.a.m.s.f.DefaultMavenResourcesFiltering - skip non existing resourceDirectory D:\training\renish\java practice\Microservices\HotelService\src\test\resources
2023-10-06 16:10:39,408 [Worker-215: Building] INFO  o.a.m.s.f.DefaultMavenResourcesFiltering - Copying 1 resource from src\main\resources to target\classes
2023-10-06 16:10:39,417 [Worker-215: Building] INFO  o.a.m.s.f.DefaultMavenResourcesFiltering - Copying 0 resource from src\main\resources to target\classes
2023-10-06 16:10:39,419 [Worker-215: Building] INFO  o.a.m.s.f.DefaultMavenResourcesFiltering - skip non existing resourceDirectory D:\training\renish\java practice\Microservices\HotelService\src\test\resources
2023-10-06 16:10:42,413 [Worker-211: Building] INFO  o.a.m.s.f.DefaultMavenResourcesFiltering - Copying 1 resource from src\main\resources to target\classes
2023-10-06 16:10:42,418 [Worker-211: Building] INFO  o.a.m.s.f.DefaultMavenResourcesFiltering - Copying 0 resource from src\main\resources to target\classes
2023-10-06 16:10:42,419 [Worker-211: Building] INFO  o.a.m.s.f.DefaultMavenResourcesFiltering - skip non existing resourceDirectory D:\training\renish\java practice\Microservices\HotelService\src\test\resources
2023-10-06 16:11:15,918 [Worker-219: Building] INFO  o.a.m.s.f.DefaultMavenResourcesFiltering - Copying 1 resource from src\main\resources to target\classes
2023-10-06 16:11:15,926 [Worker-219: Building] INFO  o.a.m.s.f.DefaultMavenResourcesFiltering - Copying 0 resource from src\main\resources to target\classes
2023-10-06 16:11:15,928 [Worker-219: Building] INFO  o.a.m.s.f.DefaultMavenResourcesFiltering - skip non existing resourceDirectory D:\training\renish\java practice\Microservices\HotelService\src\test\resources
2023-10-06 16:11:30,332 [Worker-211: Building] INFO  o.a.m.s.f.DefaultMavenResourcesFiltering - Copying 1 resource from src\main\resources to target\classes
2023-10-06 16:11:30,339 [Worker-211: Building] INFO  o.a.m.s.f.DefaultMavenResourcesFiltering - Copying 0 resource from src\main\resources to target\classes
2023-10-06 16:11:30,342 [Worker-211: Building] INFO  o.a.m.s.f.DefaultMavenResourcesFiltering - skip non existing resourceDirectory D:\training\renish\java practice\Microservices\HotelService\src\test\resources
2023-10-06 16:11:45,686 [Worker-211: Building] INFO  o.a.m.s.f.DefaultMavenResourcesFiltering - Copying 1 resource from src\main\resources to target\classes
2023-10-06 16:11:45,690 [Worker-211: Building] INFO  o.a.m.s.f.DefaultMavenResourcesFiltering - Copying 0 resource from src\main\resources to target\classes
2023-10-06 16:11:45,692 [Worker-211: Building] INFO  o.a.m.s.f.DefaultMavenResourcesFiltering - skip non existing resourceDirectory D:\training\renish\java practice\Microservices\HotelService\src\test\resources
2023-10-06 16:12:12,159 [Worker-216: Building] INFO  o.a.m.s.f.DefaultMavenResourcesFiltering - Copying 1 resource from src\main\resources to target\classes
2023-10-06 16:12:12,164 [Worker-216: Building] INFO  o.a.m.s.f.DefaultMavenResourcesFiltering - Copying 0 resource from src\main\resources to target\classes
2023-10-06 16:12:12,166 [Worker-216: Building] INFO  o.a.m.s.f.DefaultMavenResourcesFiltering - skip non existing resourceDirectory D:\training\renish\java practice\Microservices\HotelService\src\test\resources
2023-10-06 16:18:18,227 [Worker-221: Building] INFO  o.a.m.s.f.DefaultMavenResourcesFiltering - Copying 1 resource from src\main\resources to target\classes
2023-10-06 16:18:18,234 [Worker-221: Building] INFO  o.a.m.s.f.DefaultMavenResourcesFiltering - Copying 0 resource from src\main\resources to target\classes
2023-10-06 16:18:18,236 [Worker-221: Building] INFO  o.a.m.s.f.DefaultMavenResourcesFiltering - skip non existing resourceDirectory D:\training\renish\java practice\Microservices\HotelService\src\test\resources
2023-10-06 16:19:23,505 [Worker-218: Building] INFO  o.a.m.s.f.DefaultMavenResourcesFiltering - Copying 1 resource from src\main\resources to target\classes
2023-10-06 16:19:23,512 [Worker-218: Building] INFO  o.a.m.s.f.DefaultMavenResourcesFiltering - Copying 0 resource from src\main\resources to target\classes
2023-10-06 16:19:23,514 [Worker-218: Building] INFO  o.a.m.s.f.DefaultMavenResourcesFiltering - skip non existing resourceDirectory D:\training\renish\java practice\Microservices\HotelService\src\test\resources
2023-10-06 16:22:12,064 [Worker-223: Building] INFO  o.a.m.s.f.DefaultMavenResourcesFiltering - Copying 1 resource from src\main\resources to target\classes
2023-10-06 16:22:12,068 [Worker-223: Building] INFO  o.a.m.s.f.DefaultMavenResourcesFiltering - Copying 0 resource from src\main\resources to target\classes
2023-10-06 16:22:12,070 [Worker-223: Building] INFO  o.a.m.s.f.DefaultMavenResourcesFiltering - skip non existing resourceDirectory D:\training\renish\java practice\Microservices\HotelService\src\test\resources
2023-10-06 16:24:41,780 [Worker-225: Building] INFO  o.a.m.s.f.DefaultMavenResourcesFiltering - Copying 1 resource from src\main\resources to target\classes
2023-10-06 16:24:41,784 [Worker-225: Building] INFO  o.a.m.s.f.DefaultMavenResourcesFiltering - Copying 0 resource from src\main\resources to target\classes
2023-10-06 16:24:41,786 [Worker-225: Building] INFO  o.a.m.s.f.DefaultMavenResourcesFiltering - skip non existing resourceDirectory D:\training\renish\java practice\Microservices\HotelService\src\test\resources
2023-10-06 16:29:09,042 [Worker-223: Building] INFO  o.a.m.s.f.DefaultMavenResourcesFiltering - Copying 1 resource from src\main\resources to target\classes
2023-10-06 16:29:09,048 [Worker-223: Building] INFO  o.a.m.s.f.DefaultMavenResourcesFiltering - Copying 0 resource from src\main\resources to target\classes
2023-10-06 16:29:09,050 [Worker-223: Building] INFO  o.a.m.s.f.DefaultMavenResourcesFiltering - skip non existing resourceDirectory D:\training\renish\java practice\Microservices\HotelService\src\test\resources
2023-10-06 16:29:23,810 [Worker-223: Building] INFO  o.a.m.s.f.DefaultMavenResourcesFiltering - Copying 1 resource from src\main\resources to target\classes
2023-10-06 16:29:23,833 [Worker-223: Building] INFO  o.a.m.s.f.DefaultMavenResourcesFiltering - Copying 0 resource from src\main\resources to target\classes
2023-10-06 16:29:23,835 [Worker-223: Building] INFO  o.a.m.s.f.DefaultMavenResourcesFiltering - skip non existing resourceDirectory D:\training\renish\java practice\Microservices\HotelService\src\test\resources
2023-10-06 16:33:06,075 [Worker-215: Building] INFO  o.a.m.s.f.DefaultMavenResourcesFiltering - Copying 1 resource from src\main\resources to target\classes
2023-10-06 16:33:06,100 [Worker-215: Building] INFO  o.a.m.s.f.DefaultMavenResourcesFiltering - Copying 0 resource from src\main\resources to target\classes
2023-10-06 16:33:06,103 [Worker-215: Building] INFO  o.a.m.s.f.DefaultMavenResourcesFiltering - skip non existing resourceDirectory D:\training\renish\java practice\Microservices\HotelService\src\test\resources
2023-10-06 16:34:54,517 [Worker-215: Building] INFO  o.a.m.s.f.DefaultMavenResourcesFiltering - Copying 1 resource from src\main\resources to target\classes
2023-10-06 16:34:54,538 [Worker-215: Building] INFO  o.a.m.s.f.DefaultMavenResourcesFiltering - Copying 0 resource from src\main\resources to target\classes
2023-10-06 16:34:54,540 [Worker-215: Building] INFO  o.a.m.s.f.DefaultMavenResourcesFiltering - skip non existing resourceDirectory D:\training\renish\java practice\Microservices\HotelService\src\test\resources
2023-10-06 16:34:59,833 [Worker-231: Building] INFO  o.a.m.s.f.DefaultMavenResourcesFiltering - Copying 1 resource from src\main\resources to target\classes
2023-10-06 16:34:59,837 [Worker-231: Building] INFO  o.a.m.s.f.DefaultMavenResourcesFiltering - Copying 0 resource from src\main\resources to target\classes
2023-10-06 16:34:59,839 [Worker-231: Building] INFO  o.a.m.s.f.DefaultMavenResourcesFiltering - skip non existing resourceDirectory D:\training\renish\java practice\Microservices\HotelService\src\test\resources
2023-10-06 16:35:04,527 [Worker-215: Building] INFO  o.a.m.s.f.DefaultMavenResourcesFiltering - Copying 1 resource from src\main\resources to target\classes
2023-10-06 16:35:04,531 [Worker-215: Building] INFO  o.a.m.s.f.DefaultMavenResourcesFiltering - Copying 0 resource from src\main\resources to target\classes
2023-10-06 16:35:04,532 [Worker-215: Building] INFO  o.a.m.s.f.DefaultMavenResourcesFiltering - skip non existing resourceDirectory D:\training\renish\java practice\Microservices\HotelService\src\test\resources
